<?xml version="1.0" encoding="UTF-8"?>
<testsuite xmlns:xsi="http://www.w3.org/2001/XMLSchema-instance" xsi:noNamespaceSchemaLocation="https://maven.apache.org/surefire/maven-surefire-plugin/xsd/surefire-test-report-3.0.xsd" version="3.0" name="runners.TestRunner" time="32.286" tests="47" errors="0" skipped="0" failures="4">
  <properties>
[...]
</properties>
  <testcase name="Given I want to set URL as &quot;/api/users&quot; for test case &quot;Create User&quot;" classname="| Create User | /api/users | application/json | Testdata/test.json | POST | 201 |" time="0.006"/>
  <testcase name="Given I want to set URL as &quot;/api/users&quot; for test case &quot;Create User&quot;" classname="| Create User | /api/users | application/json | Testdata/test.json | POST | 201 |" time="0.009"/>
  <testcase name="When I set header content type as &quot;application/json&quot;" classname="| Create User | /api/users | application/json | Testdata/test.json | POST | 201 |" time="0.001"/>
  <testcase name="When I set header content type as &quot;application/json&quot;" classname="| Create User | /api/users | application/json | Testdata/test.json | POST | 201 |" time="0"/>
  <testcase name="When I hit the API with requestbody &quot;Testdata/test.json&quot; and request method is &quot;POST&quot;" classname="| Create User | /api/users | application/json | Testdata/test.json | POST | 201 |" time="0"/>
  <testcase name="When I hit the API with requestbody &quot;Testdata/test.json&quot; and request method is &quot;POST&quot;" classname="| Create User | /api/users | application/json | Testdata/test.json | POST | 201 |" time="0"/>
  <testcase name="Then I try to verify the status code is &quot;201&quot;" classname="| Create User | /api/users | application/json | Testdata/test.json | POST | 201 |" time="0.002"/>
  <testcase name="Then I try to verify the status code is &quot;201&quot;" classname="| Create User | /api/users | application/json | Testdata/test.json | POST | 201 |" time="0"/>
  <testcase name="And I try to verify the content type contains &quot;application/json&quot;" classname="| Create User | /api/users | application/json | Testdata/test.json | POST | 201 |" time="0"/>
  <testcase name="And I try to verify the content type contains &quot;application/json&quot;" classname="| Create User | /api/users | application/json | Testdata/test.json | POST | 201 |" time="0"/>
  <testcase name="And I try to verify the response value &quot;name&quot; is &quot;morpheus&quot;" classname="| Create User | /api/users | application/json | Testdata/test.json | POST | 201 |" time="0"/>
  <testcase name="And I try to verify the response value &quot;name&quot; is &quot;morpheus&quot;" classname="| Create User | /api/users | application/json | Testdata/test.json | POST | 201 |" time="0.001"/>
  <testcase name="And I try to verify the response value &quot;job&quot; is &quot;leader&quot;" classname="| Create User | /api/users | application/json | Testdata/test.json | POST | 201 |" time="0"/>
  <testcase name="| Create User | /api/users | application/json | Testdata/test.json | POST | 201 |" classname="| Create User | /api/users | application/json | Testdata/test.json | POST | 201 |" time="0.003"/>
  <testcase name="| Create User | /api/users | application/json | Testdata/test.json | POST | 201 |" classname="| Create User | /api/users | application/json | Testdata/test.json | POST | 201 |" time="0.084">
    <failure message="expected:&lt;[lead]er&gt; but was:&lt;[manag]er&gt;" type="org.junit.ComparisonFailure"><![CDATA[org.junit.ComparisonFailure: expected:<[lead]er> but was:<[manag]er>
]]></failure>
  </testcase>
  <testcase name="And I try to verify the response value &quot;job&quot; is &quot;manager&quot;" classname="| Create User | /api/users | application/json | Testdata/test.json | POST | 201 |" time="0.083">
    <failure message="expected:&lt;[lead]er&gt; but was:&lt;[manag]er&gt;" type="org.junit.ComparisonFailure"><![CDATA[org.junit.ComparisonFailure: expected:<[lead]er> but was:<[manag]er>
]]></failure>
  </testcase>
  <testcase name="Given I want to set URL as &quot;/api/users/2&quot; for test case &quot;Delete User&quot;" classname="| Delete User | /api/users/2 | application/json |  | DELETE | 204 |" time="0.006"/>
  <testcase name="When I set header content type as &quot;application/json&quot;" classname="| Delete User | /api/users/2 | application/json |  | DELETE | 204 |" time="0.001"/>
  <testcase name="When I hit the API with requestbody &quot;&quot; and request method is &quot;DELETE&quot;" classname="| Delete User | /api/users/2 | application/json |  | DELETE | 204 |" time="0.001"/>
  <testcase name="Then I try to verify the status code is &quot;204&quot;" classname="| Delete User | /api/users/2 | application/json |  | DELETE | 204 |" time="0"/>
  <testcase name="| Delete User | /api/users/2 | application/json |  | DELETE | 204 |" classname="| Delete User | /api/users/2 | application/json |  | DELETE | 204 |" time="0.001"/>
  <testcase name="Given I want to set URL as &quot;/api/users?page=2&quot; for test case &quot;List User&quot;" classname="| List User | /api/users?page=2 | application/json |  | GET | 200 | 12 |" time="0.001"/>
  <testcase name="When I set header content type as &quot;application/json&quot;" classname="| List User | /api/users?page=2 | application/json |  | GET | 200 | 12 |" time="0"/>
  <testcase name="When I hit the API with requestbody &quot;&quot; and request method is &quot;GET&quot;" classname="| List User | /api/users?page=2 | application/json |  | GET | 200 | 12 |" time="0"/>
  <testcase name="Then I try to verify the status code is &quot;200&quot;" classname="| List User | /api/users?page=2 | application/json |  | GET | 200 | 12 |" time="0"/>
  <testcase name="And I try to verify the total count is &quot;12&quot;" classname="| List User | /api/users?page=2 | application/json |  | GET | 200 | 12 |" time="0"/>
  <testcase name="| List User | /api/users?page=2 | application/json |  | GET | 200 | 12 |" classname="| List User | /api/users?page=2 | application/json |  | GET | 200 | 12 |" time="0"/>
  <testcase name="Given I want to set URL as &quot;/api/users?page=2&quot; for test case &quot;List User&quot;" classname="| List User | /api/users?page=2 | application/json |  | GET | 201 |" time="0"/>
  <testcase name="When I set header content type as &quot;application/json&quot;" classname="| List User | /api/users?page=2 | application/json |  | GET | 201 |" time="0"/>
  <testcase name="When I hit the API with requestbody &quot;&quot; and request method is &quot;GET&quot;" classname="| List User | /api/users?page=2 | application/json |  | GET | 201 |" time="0"/>
  <testcase name="Then I try to verify the status code is &quot;201&quot;" classname="| List User | /api/users?page=2 | application/json |  | GET | 201 |" time="0">
    <failure message="expected:&lt;20[0]&gt; but was:&lt;20[1]&gt;" type="org.junit.ComparisonFailure"><![CDATA[org.junit.ComparisonFailure: expected:<20[0]> but was:<20[1]>
]]></failure>
  </testcase>
  <testcase name="| List User | /api/users?page=2 | application/json |  | GET | 201 |" classname="| List User | /api/users?page=2 | application/json |  | GET | 201 |" time="0.024">
    <failure message="expected:&lt;20[0]&gt; but was:&lt;20[1]&gt;" type="org.junit.ComparisonFailure"><![CDATA[org.junit.ComparisonFailure: expected:<20[0]> but was:<20[1]>
]]></failure>
  </testcase>
  <testcase name="Given I want to set URL as &quot;/api/users/2&quot; for test case &quot;Update User&quot;" classname="| Update User | /api/users/2 | application/json | testdata/updateUserData.json | PUT | 201 |" time="0"/>
  <testcase name="When I set header content type as &quot;application/json&quot;" classname="| Update User | /api/users/2 | application/json | testdata/updateUserData.json | PUT | 201 |" time="0"/>
  <testcase name="When I hit the API with requestbody &quot;testdata/updateUserData.json&quot; and request method is &quot;PUT&quot;" classname="| Update User | /api/users/2 | application/json | testdata/updateUserData.json | PUT | 201 |" time="0"/>
  <testcase name="Then I try to verify the status code is &quot;201&quot;" classname="| Update User | /api/users/2 | application/json | testdata/updateUserData.json | PUT | 201 |" time="0"/>
  <testcase name="And I try to verify the response value &quot;name&quot; is &quot;morpheus&quot;" classname="| Update User | /api/users/2 | application/json | testdata/updateUserData.json | PUT | 201 |" time="0"/>
  <testcase name="And I try to verify the response value &quot;job&quot; is &quot;zion resident&quot;" classname="| Update User | /api/users/2 | application/json | testdata/updateUserData.json | PUT | 201 |" time="0"/>
  <testcase name="| Update User | /api/users/2 | application/json | testdata/updateUserData.json | PUT | 201 |" classname="| Update User | /api/users/2 | application/json | testdata/updateUserData.json | PUT | 201 |" time="0.001"/>
  <testcase name="Given I want to set URL as &quot;/api/users/2&quot; for test case &quot;View Single User&quot;" classname="| View Single User | /api/users/2 | application/json |  | GET | 200 |" time="0.001"/>
  <testcase name="When I set header content type as &quot;application/json&quot;" classname="| View Single User | /api/users/2 | application/json |  | GET | 200 |" time="0.001"/>
  <testcase name="When I hit the API with requestbody &quot;&quot; and request method is &quot;GET&quot;" classname="| View Single User | /api/users/2 | application/json |  | GET | 200 |" time="0"/>
  <testcase name="Then I try to verify the status code is &quot;200&quot;" classname="| View Single User | /api/users/2 | application/json |  | GET | 200 |" time="0.001"/>
  <testcase name="And I try to verify the response of &quot;email&quot; is &quot;janet.weaver@reqres.in&quot;" classname="| View Single User | /api/users/2 | application/json |  | GET | 200 |" time="0"/>
  <testcase name="And I try to verify the response of &quot;first_name&quot; is &quot;Janet&quot;" classname="| View Single User | /api/users/2 | application/json |  | GET | 200 |" time="0"/>
  <testcase name="And I try to verify the response of &quot;last_name&quot; is &quot;Weaver&quot;" classname="| View Single User | /api/users/2 | application/json |  | GET | 200 |" time="0"/>
  <testcase name="| View Single User | /api/users/2 | application/json |  | GET | 200 |" classname="| View Single User | /api/users/2 | application/json |  | GET | 200 |" time="0"/>
</testsuite>